# JRE version: OpenJDK Runtime Environment Microsoft-8035246 (17.0.8+7) (build 17.0.8+7-LTS)
# Java VM: OpenJDK 64-Bit Server VM Microsoft-8035246 (17.0.8+7-LTS, mixed mode, sharing, tiered, compressed oops, compressed class ptrs, g1 gc, windows-amd64)
GC Precious Log:
 CPUs: 8 total, 8 available
 Memory: 7991M
 Large Page Support: Disabled
 NUMA Support: Disabled
 Compressed Oops: Enabled (32-bit)
 Heap Region Size: 1M
 Heap Min Capacity: 8M
 Heap Initial Capacity: 126M
 Heap Max Capacity: 2G
 Pre-touch: Disabled
 Parallel Workers: 8
 Concurrent Workers: 2
 Concurrent Refinement Workers: 8
 Periodic GC: Disabled
Heap:
 garbage-first heap   total 324608K, used 192686K [0x0000000080000000, 0x0000000100000000)
  region size 1024K, 22 young (22528K), 10 survivors (10240K)
 Metaspace       used 101415K, committed 102464K, reserved 557056K
  class space    used 14090K, committed 14592K, reserved 425984K
GC Heap History (20 events):
Event: 12.365 GC heap before
{Heap before GC invocations=27 (full 0):
 garbage-first heap   total 167936K, used 134856K [0x0000000080000000, 0x0000000100000000)
  region size 1024K, 46 young (47104K), 1 survivors (1024K)
 Metaspace       used 78871K, committed 79616K, reserved 557056K
  class space    used 11016K, committed 11392K, reserved 425984K
}
Event: 12.369 GC heap after
{Heap after GC invocations=28 (full 0):
 garbage-first heap   total 335872K, used 91510K [0x0000000080000000, 0x0000000100000000)
  region size 1024K, 3 young (3072K), 3 survivors (3072K)
 Metaspace       used 78871K, committed 79616K, reserved 557056K
  class space    used 11016K, committed 11392K, reserved 425984K
}
Event: 13.532 GC heap before
{Heap before GC invocations=29 (full 0):
 garbage-first heap   total 324608K, used 238966K [0x0000000080000000, 0x0000000100000000)
  region size 1024K, 147 young (150528K), 3 survivors (3072K)
 Metaspace       used 86506K, committed 87296K, reserved 557056K
  class space    used 12190K, committed 12608K, reserved 425984K
}
Event: 13.544 GC heap after
{Heap after GC invocations=30 (full 0):
 garbage-first heap   total 324608K, used 100394K [0x0000000080000000, 0x0000000100000000)
  region size 1024K, 12 young (12288K), 12 survivors (12288K)
 Metaspace       used 86506K, committed 87296K, reserved 557056K
  class space    used 12190K, committed 12608K, reserved 425984K
}
Event: 13.594 GC heap before
{Heap before GC invocations=30 (full 0):
 garbage-first heap   total 324608K, used 104490K [0x0000000080000000, 0x0000000100000000)
  region size 1024K, 15 young (15360K), 12 survivors (12288K)
 Metaspace       used 86532K, committed 87360K, reserved 557056K
  class space    used 12194K, committed 12608K, reserved 425984K
}
Event: 13.602 GC heap after
{Heap after GC invocations=31 (full 0):
 garbage-first heap   total 324608K, used 104413K [0x0000000080000000, 0x0000000100000000)
  region size 1024K, 2 young (2048K), 2 survivors (2048K)
 Metaspace       used 86532K, committed 87360K, reserved 557056K
  class space    used 12194K, committed 12608K, reserved 425984K
}
Event: 15.055 GC heap before
{Heap before GC invocations=31 (full 0):
 garbage-first heap   total 324608K, used 259037K [0x0000000080000000, 0x0000000100000000)
  region size 1024K, 148 young (151552K), 2 survivors (2048K)
 Metaspace       used 91823K, committed 92736K, reserved 557056K
  class space    used 12982K, committed 13376K, reserved 425984K
}
Event: 15.071 GC heap after
{Heap after GC invocations=32 (full 0):
 garbage-first heap   total 324608K, used 133145K [0x0000000080000000, 0x0000000100000000)
  region size 1024K, 19 young (19456K), 19 survivors (19456K)
 Metaspace       used 91823K, committed 92736K, reserved 557056K
  class space    used 12982K, committed 13376K, reserved 425984K
}
Event: 16.074 GC heap before
{Heap before GC invocations=32 (full 0):
 garbage-first heap   total 324608K, used 249881K [0x0000000080000000, 0x0000000100000000)
  region size 1024K, 133 young (136192K), 19 survivors (19456K)
 Metaspace       used 96377K, committed 97408K, reserved 557056K
  class space    used 13523K, committed 14016K, reserved 425984K
}
Event: 16.089 GC heap after
{Heap after GC invocations=33 (full 0):
 garbage-first heap   total 324608K, used 146624K [0x0000000080000000, 0x0000000100000000)
  region size 1024K, 12 young (12288K), 12 survivors (12288K)
 Metaspace       used 96377K, committed 97408K, reserved 557056K
  class space    used 13523K, committed 14016K, reserved 425984K
}
Event: 16.734 GC heap before
{Heap before GC invocations=33 (full 0):
 garbage-first heap   total 324608K, used 253120K [0x0000000080000000, 0x0000000100000000)
  region size 1024K, 117 young (119808K), 12 survivors (12288K)
 Metaspace       used 97595K, committed 98560K, reserved 557056K
  class space    used 13722K, committed 14208K, reserved 425984K
}
Event: 16.751 GC heap after
{Heap after GC invocations=34 (full 0):
 garbage-first heap   total 324608K, used 155263K [0x0000000080000000, 0x0000000100000000)
  region size 1024K, 9 young (9216K), 9 survivors (9216K)
 Metaspace       used 97595K, committed 98560K, reserved 557056K
  class space    used 13722K, committed 14208K, reserved 425984K
}
Event: 17.638 GC heap before
{Heap before GC invocations=34 (full 0):
 garbage-first heap   total 324608K, used 273023K [0x0000000080000000, 0x0000000100000000)
  region size 1024K, 109 young (111616K), 9 survivors (9216K)
 Metaspace       used 97909K, committed 98880K, reserved 557056K
  class space    used 13746K, committed 14208K, reserved 425984K
}
Event: 17.650 GC heap after
{Heap after GC invocations=35 (full 0):
 garbage-first heap   total 324608K, used 163827K [0x0000000080000000, 0x0000000100000000)
  region size 1024K, 9 young (9216K), 9 survivors (9216K)
 Metaspace       used 97909K, committed 98880K, reserved 557056K
  class space    used 13746K, committed 14208K, reserved 425984K
}
Event: 18.202 GC heap before
{Heap before GC invocations=35 (full 0):
 garbage-first heap   total 324608K, used 277491K [0x0000000080000000, 0x0000000100000000)
  region size 1024K, 105 young (107520K), 9 survivors (9216K)
 Metaspace       used 98187K, committed 99200K, reserved 557056K
  class space    used 13775K, committed 14272K, reserved 425984K
}
Event: 18.213 GC heap after
{Heap after GC invocations=36 (full 0):
 garbage-first heap   total 324608K, used 171399K [0x0000000080000000, 0x0000000100000000)
  region size 1024K, 8 young (8192K), 8 survivors (8192K)
 Metaspace       used 98187K, committed 99200K, reserved 557056K
  class space    used 13775K, committed 14272K, reserved 425984K
}
Event: 18.629 GC heap before
{Heap before GC invocations=36 (full 0):
 garbage-first heap   total 324608K, used 269703K [0x0000000080000000, 0x0000000100000000)
  region size 1024K, 99 young (101376K), 8 survivors (8192K)
 Metaspace       used 98281K, committed 99264K, reserved 557056K
  class space    used 13779K, committed 14272K, reserved 425984K
}
Event: 18.638 GC heap after
{Heap after GC invocations=37 (full 0):
 garbage-first heap   total 324608K, used 178525K [0x0000000080000000, 0x0000000100000000)
  region size 1024K, 6 young (6144K), 6 survivors (6144K)
 Metaspace       used 98281K, committed 99264K, reserved 557056K
  class space    used 13779K, committed 14272K, reserved 425984K
}
Event: 864.951 GC heap before
{Heap before GC invocations=37 (full 0):
 garbage-first heap   total 324608K, used 274781K [0x0000000080000000, 0x0000000100000000)
  region size 1024K, 94 young (96256K), 6 survivors (6144K)
 Metaspace       used 101288K, committed 102336K, reserved 557056K
  class space    used 14085K, committed 14592K, reserved 425984K
}
Event: 865.052 GC heap after
{Heap after GC invocations=38 (full 0):
 garbage-first heap   total 324608K, used 181422K [0x0000000080000000, 0x0000000100000000)
  region size 1024K, 10 young (10240K), 10 survivors (10240K)
 Metaspace       used 101288K, committed 102336K, reserved 557056K
  class space    used 14085K, committed 14592K, reserved 425984K
}

